C:\Users\Baburaj\Desktop\React-Django\v1\.venv\Lib\site-packages\django\db\backends\utils.py:98: RuntimeWarning: Accessing the database during app initialization is discouraged. To fix this warning, avoid executing queries in AppConfig.ready() or when your app modules are imported.
  warnings.warn(self.APPS_NOT_READY_WARNING_MSG, category=RuntimeWarning)
Traceback (most recent call last):
  File "C:\Users\Baburaj\Desktop\React-Django\v1\.venv\Lib\site-packages\django\db\backends\utils.py", line 105, in _execute
    return self.cursor.execute(sql, params)
           ~~~~~~~~~~~~~~~~~~~^^^^^^^^^^^^^
psycopg2.errors.UniqueViolation: duplicate key value violates unique constraint "accounts_wallet_user_id_key"
DETAIL:  Key (user_id)=(12) already exists.


The above exception was the direct cause of the following exception:

Traceback (most recent call last):
  File "C:\Users\Baburaj\Desktop\React-Django\v1\backend\manage.py", line 14, in <module>
    main()
    ~~~~^^
  File "C:\Users\Baburaj\Desktop\React-Django\v1\backend\manage.py", line 11, in main
    execute_from_command_line(sys.argv)
    ~~~~~~~~~~~~~~~~~~~~~~~~~^^^^^^^^^^
  File "C:\Users\Baburaj\Desktop\React-Django\v1\.venv\Lib\site-packages\django\core\management\__init__.py", line 442, in execute_from_command_line
    utility.execute()
    ~~~~~~~~~~~~~~~^^
  File "C:\Users\Baburaj\Desktop\React-Django\v1\.venv\Lib\site-packages\django\core\management\__init__.py", line 436, in execute
    self.fetch_command(subcommand).run_from_argv(self.argv)
    ~~~~~~~~~~~~~~~~~~~~~~~~~~~~~~~~~~~~~~~~~~~~^^^^^^^^^^^
  File "C:\Users\Baburaj\Desktop\React-Django\v1\.venv\Lib\site-packages\django\core\management\base.py", line 416, in run_from_argv
    self.execute(*args, **cmd_options)
    ~~~~~~~~~~~~^^^^^^^^^^^^^^^^^^^^^^
  File "C:\Users\Baburaj\Desktop\React-Django\v1\.venv\Lib\site-packages\django\core\management\base.py", line 460, in execute
    output = self.handle(*args, **options)
  File "C:\Users\Baburaj\Desktop\React-Django\v1\.venv\Lib\site-packages\django\core\management\commands\loaddata.py", line 103, in handle
    self.loaddata(fixture_labels)
    ~~~~~~~~~~~~~^^^^^^^^^^^^^^^^
  File "C:\Users\Baburaj\Desktop\React-Django\v1\.venv\Lib\site-packages\django\core\management\commands\loaddata.py", line 164, in loaddata
    self.load_label(fixture_label)
    ~~~~~~~~~~~~~~~^^^^^^^^^^^^^^^
  File "C:\Users\Baburaj\Desktop\React-Django\v1\.venv\Lib\site-packages\django\core\management\commands\loaddata.py", line 254, in load_label
    if self.save_obj(obj):
       ~~~~~~~~~~~~~^^^^^
  File "C:\Users\Baburaj\Desktop\React-Django\v1\.venv\Lib\site-packages\django\core\management\commands\loaddata.py", line 210, in save_obj
    obj.save(using=self.using)
    ~~~~~~~~^^^^^^^^^^^^^^^^^^
  File "C:\Users\Baburaj\Desktop\React-Django\v1\.venv\Lib\site-packages\django\core\serializers\base.py", line 265, in save
    models.Model.save_base(self.object, using=using, raw=True, **kwargs)
    ~~~~~~~~~~~~~~~~~~~~~~^^^^^^^^^^^^^^^^^^^^^^^^^^^^^^^^^^^^^^^^^^^^^^
  File "C:\Users\Baburaj\Desktop\React-Django\v1\.venv\Lib\site-packages\django\db\models\base.py", line 1008, in save_base
    updated = self._save_table(
        raw,
    ...<4 lines>...
        update_fields,
    )
  File "C:\Users\Baburaj\Desktop\React-Django\v1\.venv\Lib\site-packages\django\db\models\base.py", line 1169, in _save_table
    results = self._do_insert(
        cls._base_manager, using, fields, returning_fields, raw
    )
  File "C:\Users\Baburaj\Desktop\React-Django\v1\.venv\Lib\site-packages\django\db\models\base.py", line 1210, in _do_insert
    return manager._insert(
           ~~~~~~~~~~~~~~~^
        [self],
        ^^^^^^^
    ...<3 lines>...
        raw=raw,
        ^^^^^^^^
    )
    ^
  File "C:\Users\Baburaj\Desktop\React-Django\v1\.venv\Lib\site-packages\django\db\models\manager.py", line 87, in manager_method
    return getattr(self.get_queryset(), name)(*args, **kwargs)
           ~~~~~~~~~~~~~~~~~~~~~~~~~~~~~~~~~~^^^^^^^^^^^^^^^^^
  File "C:\Users\Baburaj\Desktop\React-Django\v1\.venv\Lib\site-packages\django\db\models\query.py", line 1868, in _insert
    return query.get_compiler(using=using).execute_sql(returning_fields)
           ~~~~~~~~~~~~~~~~~~~~~~~~~~~~~~~~~~~~~~~~~~~^^^^^^^^^^^^^^^^^^
  File "C:\Users\Baburaj\Desktop\React-Django\v1\.venv\Lib\site-packages\django\db\models\sql\compiler.py", line 1882, in execute_sql
    cursor.execute(sql, params)
    ~~~~~~~~~~~~~~^^^^^^^^^^^^^
  File "C:\Users\Baburaj\Desktop\React-Django\v1\.venv\Lib\site-packages\django\db\backends\utils.py", line 122, in execute
    return super().execute(sql, params)
           ~~~~~~~~~~~~~~~^^^^^^^^^^^^^
  File "C:\Users\Baburaj\Desktop\React-Django\v1\.venv\Lib\site-packages\django\db\backends\utils.py", line 79, in execute
    return self._execute_with_wrappers(
           ~~~~~~~~~~~~~~~~~~~~~~~~~~~^
        sql, params, many=False, executor=self._execute
        ^^^^^^^^^^^^^^^^^^^^^^^^^^^^^^^^^^^^^^^^^^^^^^^
    )
    ^
  File "C:\Users\Baburaj\Desktop\React-Django\v1\.venv\Lib\site-packages\django\db\backends\utils.py", line 92, in _execute_with_wrappers
    return executor(sql, params, many, context)
  File "C:\Users\Baburaj\Desktop\React-Django\v1\.venv\Lib\site-packages\django\db\backends\utils.py", line 100, in _execute
    with self.db.wrap_database_errors:
         ^^^^^^^^^^^^^^^^^^^^^^^^^^^^
  File "C:\Users\Baburaj\Desktop\React-Django\v1\.venv\Lib\site-packages\django\db\utils.py", line 91, in __exit__
    raise dj_exc_value.with_traceback(traceback) from exc_value
  File "C:\Users\Baburaj\Desktop\React-Django\v1\.venv\Lib\site-packages\django\db\backends\utils.py", line 105, in _execute
    return self.cursor.execute(sql, params)
           ~~~~~~~~~~~~~~~~~~~^^^^^^^^^^^^^
django.db.utils.IntegrityError: Problem installing fixture 'C:\Users\Baburaj\Desktop\React-Django\v1\backend\fixtures\export\02_accounts.json': Could not load accounts.Wallet(pk=2): duplicate key value violates unique constraint "accounts_wallet_user_id_key"
DETAIL:  Key (user_id)=(12) already exists.

