C:\Users\Baburaj\Desktop\React-Django\v1\.venv\Lib\site-packages\django\db\backends\utils.py:98: RuntimeWarning: Accessing the database during app initialization is discouraged. To fix this warning, avoid executing queries in AppConfig.ready() or when your app modules are imported.
  warnings.warn(self.APPS_NOT_READY_WARNING_MSG, category=RuntimeWarning)
Traceback (most recent call last):
  File "C:\Users\Baburaj\Desktop\React-Django\v1\backend\locations\management\commands\load_location_data.py", line 12, in handle
    with open("locations/data/countries.json", encoding="utf-8") as f:
         ~~~~^^^^^^^^^^^^^^^^^^^^^^^^^^^^^^^^^^^^^^^^^^^^^^^^^^^
FileNotFoundError: [Errno 2] No such file or directory: 'locations/data/countries.json'

During handling of the above exception, another exception occurred:

Traceback (most recent call last):
  File "C:\Users\Baburaj\Desktop\React-Django\v1\backend\manage.py", line 14, in <module>
    main()
    ~~~~^^
  File "C:\Users\Baburaj\Desktop\React-Django\v1\backend\manage.py", line 11, in main
    execute_from_command_line(sys.argv)
    ~~~~~~~~~~~~~~~~~~~~~~~~~^^^^^^^^^^
  File "C:\Users\Baburaj\Desktop\React-Django\v1\.venv\Lib\site-packages\django\core\management\__init__.py", line 442, in execute_from_command_line
    utility.execute()
    ~~~~~~~~~~~~~~~^^
  File "C:\Users\Baburaj\Desktop\React-Django\v1\.venv\Lib\site-packages\django\core\management\__init__.py", line 436, in execute
    self.fetch_command(subcommand).run_from_argv(self.argv)
    ~~~~~~~~~~~~~~~~~~~~~~~~~~~~~~~~~~~~~~~~~~~~^^^^^^^^^^^
  File "C:\Users\Baburaj\Desktop\React-Django\v1\.venv\Lib\site-packages\django\core\management\base.py", line 416, in run_from_argv
    self.execute(*args, **cmd_options)
    ~~~~~~~~~~~~^^^^^^^^^^^^^^^^^^^^^^
  File "C:\Users\Baburaj\Desktop\React-Django\v1\.venv\Lib\site-packages\django\core\management\base.py", line 460, in execute
    output = self.handle(*args, **options)
  File "C:\Users\Baburaj\Desktop\React-Django\v1\backend\locations\management\commands\load_location_data.py", line 61, in handle
    self.stdout.write(self.style.ERROR(f"\u274c Error: {str(e)}"))
    ~~~~~~~~~~~~~~~~~^^^^^^^^^^^^^^^^^^^^^^^^^^^^^^^^^^^^^^^^^
  File "C:\Users\Baburaj\Desktop\React-Django\v1\.venv\Lib\site-packages\django\core\management\base.py", line 181, in write
    self._out.write(style_func(msg))
    ~~~~~~~~~~~~~~~^^^^^^^^^^^^^^^^^
  File "C:\Users\Baburaj\AppData\Local\Programs\Python\Python313\Lib\encodings\cp1252.py", line 19, in encode
    return codecs.charmap_encode(input,self.errors,encoding_table)[0]
           ~~~~~~~~~~~~~~~~~~~~~^^^^^^^^^^^^^^^^^^^^^^^^^^^^^^^^^^
UnicodeEncodeError: 'charmap' codec can't encode character '\u274c' in position 0: character maps to <undefined>
